<?xml version="1.0" encoding="utf-8"?>
<TestRun id="8104d648-e35f-4dc0-aa8c-49644e4f545c" name="ATITSHETH$@ATITSHETH 2025-01-21 15:56:45" runUser="NT AUTHORITY\SYSTEM" xmlns="http://microsoft.com/schemas/VisualStudio/TeamTest/2010">
  <Times creation="2025-01-21T15:56:45.7565867+05:30" queuing="2025-01-21T15:56:45.7565869+05:30" start="2025-01-21T15:56:45.1648119+05:30" finish="2025-01-21T15:56:45.7597627+05:30" />
  <TestSettings name="default" id="2cd45bb1-f0fc-4d51-9dd4-4d0de0d6ff8e">
    <Deployment runDeploymentRoot="ATITSHETH$_ATITSHETH_2025-01-21_15_56_45" />
  </TestSettings>
  <Results>
    <UnitTestResult executionId="e8642a81-5f8b-461c-a431-b7115c7905ed" testId="ac95cb08-7ad1-4d5b-90ec-132670c18038" testName="TestMethod1" computerName="ATITSHETH" duration="00:00:00.0062027" startTime="2025-01-21T15:56:45.6180413+05:30" endTime="2025-01-21T15:56:45.6492881+05:30" testType="13cdc9d9-ddb5-4fa4-a97d-d965ccfc6d4b" outcome="Passed" testListId="8c84fa94-04c1-424b-9868-57a2d4851a1d" relativeResultsDirectory="e8642a81-5f8b-461c-a431-b7115c7905ed" />
  </Results>
  <TestDefinitions>
    <UnitTest name="TestMethod1" storage="c:\programdata\jenkins\.jenkins\workspace\jenkinspipeline\jenkinsintegration\jenkinsintegration.tests\bin\debug\netcoreapp2.1\jenkinsintegration.tests.dll" id="ac95cb08-7ad1-4d5b-90ec-132670c18038">
      <Execution id="e8642a81-5f8b-461c-a431-b7115c7905ed" />
      <TestMethod codeBase="C:\ProgramData\Jenkins\.jenkins\workspace\JenkinsPipeline\JenkinsIntegration\JenkinsIntegration.Tests\bin\Debug\netcoreapp2.1\JenkinsIntegration.Tests.dll" adapterTypeName="executor://mstestadapter/v2" className="JenkinsIntegration.Tests.JenkinsTests" name="TestMethod1" />
    </UnitTest>
  </TestDefinitions>
  <TestEntries>
    <TestEntry testId="ac95cb08-7ad1-4d5b-90ec-132670c18038" executionId="e8642a81-5f8b-461c-a431-b7115c7905ed" testListId="8c84fa94-04c1-424b-9868-57a2d4851a1d" />
  </TestEntries>
  <TestLists>
    <TestList name="Results Not in a List" id="8c84fa94-04c1-424b-9868-57a2d4851a1d" />
    <TestList name="All Loaded Results" id="19431567-8539-422a-85d7-44ee4e166bda" />
  </TestLists>
  <ResultSummary outcome="Completed">
    <Counters total="1" executed="1" passed="1" failed="0" error="0" timeout="0" aborted="0" inconclusive="0" passedButRunAborted="0" notRunnable="0" notExecuted="0" disconnected="0" warning="0" completed="0" inProgress="0" pending="0" />
  </ResultSummary>
</TestRun>