<?xml version="1.0" encoding="utf-8"?>
<TestRun id="250d51d0-7625-4717-9b13-07e3ec1b9879" name="ATITSHETH$@ATITSHETH 2025-01-21 15:51:35" runUser="NT AUTHORITY\SYSTEM" xmlns="http://microsoft.com/schemas/VisualStudio/TeamTest/2010">
  <Times creation="2025-01-21T15:51:35.8331160+05:30" queuing="2025-01-21T15:51:35.8331162+05:30" start="2025-01-21T15:51:35.1790988+05:30" finish="2025-01-21T15:51:35.8361801+05:30" />
  <TestSettings name="default" id="75217547-5d59-4f4c-a0cb-46fa8ec7a155">
    <Deployment runDeploymentRoot="ATITSHETH$_ATITSHETH_2025-01-21_15_51_35" />
  </TestSettings>
  <Results>
    <UnitTestResult executionId="fafa1ccb-d79c-4c54-9681-7ebb889e7445" testId="ac95cb08-7ad1-4d5b-90ec-132670c18038" testName="TestMethod1" computerName="ATITSHETH" duration="00:00:00.0063008" startTime="2025-01-21T15:51:35.7124991+05:30" endTime="2025-01-21T15:51:35.7411553+05:30" testType="13cdc9d9-ddb5-4fa4-a97d-d965ccfc6d4b" outcome="Passed" testListId="8c84fa94-04c1-424b-9868-57a2d4851a1d" relativeResultsDirectory="fafa1ccb-d79c-4c54-9681-7ebb889e7445" />
  </Results>
  <TestDefinitions>
    <UnitTest name="TestMethod1" storage="c:\programdata\jenkins\.jenkins\workspace\jenkinspipeline\jenkinsintegration\jenkinsintegration.tests\bin\debug\netcoreapp2.1\jenkinsintegration.tests.dll" id="ac95cb08-7ad1-4d5b-90ec-132670c18038">
      <Execution id="fafa1ccb-d79c-4c54-9681-7ebb889e7445" />
      <TestMethod codeBase="C:\ProgramData\Jenkins\.jenkins\workspace\JenkinsPipeline\JenkinsIntegration\JenkinsIntegration.Tests\bin\Debug\netcoreapp2.1\JenkinsIntegration.Tests.dll" adapterTypeName="executor://mstestadapter/v2" className="JenkinsIntegration.Tests.JenkinsTests" name="TestMethod1" />
    </UnitTest>
  </TestDefinitions>
  <TestEntries>
    <TestEntry testId="ac95cb08-7ad1-4d5b-90ec-132670c18038" executionId="fafa1ccb-d79c-4c54-9681-7ebb889e7445" testListId="8c84fa94-04c1-424b-9868-57a2d4851a1d" />
  </TestEntries>
  <TestLists>
    <TestList name="Results Not in a List" id="8c84fa94-04c1-424b-9868-57a2d4851a1d" />
    <TestList name="All Loaded Results" id="19431567-8539-422a-85d7-44ee4e166bda" />
  </TestLists>
  <ResultSummary outcome="Completed">
    <Counters total="1" executed="1" passed="1" failed="0" error="0" timeout="0" aborted="0" inconclusive="0" passedButRunAborted="0" notRunnable="0" notExecuted="0" disconnected="0" warning="0" completed="0" inProgress="0" pending="0" />
  </ResultSummary>
</TestRun>