<?xml version="1.0" encoding="utf-8"?>
<TestRun id="42ce9847-76d6-4c17-acc7-d3378d25cfa5" name="ATITSHETH$@ATITSHETH 2025-01-21 15:52:39" runUser="NT AUTHORITY\SYSTEM" xmlns="http://microsoft.com/schemas/VisualStudio/TeamTest/2010">
  <Times creation="2025-01-21T15:52:39.8098105+05:30" queuing="2025-01-21T15:52:39.8098108+05:30" start="2025-01-21T15:52:39.2159179+05:30" finish="2025-01-21T15:52:39.8129215+05:30" />
  <TestSettings name="default" id="500916fb-5ec2-40c0-ba26-0635f47d049b">
    <Deployment runDeploymentRoot="ATITSHETH$_ATITSHETH_2025-01-21_15_52_39" />
  </TestSettings>
  <Results>
    <UnitTestResult executionId="15f864e5-529c-4f69-8f2a-65be4d61d238" testId="ac95cb08-7ad1-4d5b-90ec-132670c18038" testName="TestMethod1" computerName="ATITSHETH" duration="00:00:00.0065820" startTime="2025-01-21T15:52:39.6847637+05:30" endTime="2025-01-21T15:52:39.7138788+05:30" testType="13cdc9d9-ddb5-4fa4-a97d-d965ccfc6d4b" outcome="Passed" testListId="8c84fa94-04c1-424b-9868-57a2d4851a1d" relativeResultsDirectory="15f864e5-529c-4f69-8f2a-65be4d61d238" />
  </Results>
  <TestDefinitions>
    <UnitTest name="TestMethod1" storage="c:\programdata\jenkins\.jenkins\workspace\jenkinspipeline\jenkinsintegration\jenkinsintegration.tests\bin\debug\netcoreapp2.1\jenkinsintegration.tests.dll" id="ac95cb08-7ad1-4d5b-90ec-132670c18038">
      <Execution id="15f864e5-529c-4f69-8f2a-65be4d61d238" />
      <TestMethod codeBase="C:\ProgramData\Jenkins\.jenkins\workspace\JenkinsPipeline\JenkinsIntegration\JenkinsIntegration.Tests\bin\Debug\netcoreapp2.1\JenkinsIntegration.Tests.dll" adapterTypeName="executor://mstestadapter/v2" className="JenkinsIntegration.Tests.JenkinsTests" name="TestMethod1" />
    </UnitTest>
  </TestDefinitions>
  <TestEntries>
    <TestEntry testId="ac95cb08-7ad1-4d5b-90ec-132670c18038" executionId="15f864e5-529c-4f69-8f2a-65be4d61d238" testListId="8c84fa94-04c1-424b-9868-57a2d4851a1d" />
  </TestEntries>
  <TestLists>
    <TestList name="Results Not in a List" id="8c84fa94-04c1-424b-9868-57a2d4851a1d" />
    <TestList name="All Loaded Results" id="19431567-8539-422a-85d7-44ee4e166bda" />
  </TestLists>
  <ResultSummary outcome="Completed">
    <Counters total="1" executed="1" passed="1" failed="0" error="0" timeout="0" aborted="0" inconclusive="0" passedButRunAborted="0" notRunnable="0" notExecuted="0" disconnected="0" warning="0" completed="0" inProgress="0" pending="0" />
  </ResultSummary>
</TestRun>