<?xml version="1.0" encoding="utf-8"?>
<TestRun id="b02b5f0b-af3a-4adf-9ff8-6e3c42026f1c" name="ATITSHETH$@ATITSHETH 2025-01-21 15:53:35" runUser="NT AUTHORITY\SYSTEM" xmlns="http://microsoft.com/schemas/VisualStudio/TeamTest/2010">
  <Times creation="2025-01-21T15:53:35.3520511+05:30" queuing="2025-01-21T15:53:35.3520513+05:30" start="2025-01-21T15:53:34.7162743+05:30" finish="2025-01-21T15:53:35.3550977+05:30" />
  <TestSettings name="default" id="f3cd27af-676f-41ea-b815-705a3bb853c5">
    <Deployment runDeploymentRoot="ATITSHETH$_ATITSHETH_2025-01-21_15_53_35" />
  </TestSettings>
  <Results>
    <UnitTestResult executionId="043de46e-09d6-4fc5-91d0-06f84f22d37d" testId="ac95cb08-7ad1-4d5b-90ec-132670c18038" testName="TestMethod1" computerName="ATITSHETH" duration="00:00:00.0062630" startTime="2025-01-21T15:53:35.2243913+05:30" endTime="2025-01-21T15:53:35.2543752+05:30" testType="13cdc9d9-ddb5-4fa4-a97d-d965ccfc6d4b" outcome="Passed" testListId="8c84fa94-04c1-424b-9868-57a2d4851a1d" relativeResultsDirectory="043de46e-09d6-4fc5-91d0-06f84f22d37d" />
  </Results>
  <TestDefinitions>
    <UnitTest name="TestMethod1" storage="c:\programdata\jenkins\.jenkins\workspace\jenkinspipeline\jenkinsintegration\jenkinsintegration.tests\bin\debug\netcoreapp2.1\jenkinsintegration.tests.dll" id="ac95cb08-7ad1-4d5b-90ec-132670c18038">
      <Execution id="043de46e-09d6-4fc5-91d0-06f84f22d37d" />
      <TestMethod codeBase="C:\ProgramData\Jenkins\.jenkins\workspace\JenkinsPipeline\JenkinsIntegration\JenkinsIntegration.Tests\bin\Debug\netcoreapp2.1\JenkinsIntegration.Tests.dll" adapterTypeName="executor://mstestadapter/v2" className="JenkinsIntegration.Tests.JenkinsTests" name="TestMethod1" />
    </UnitTest>
  </TestDefinitions>
  <TestEntries>
    <TestEntry testId="ac95cb08-7ad1-4d5b-90ec-132670c18038" executionId="043de46e-09d6-4fc5-91d0-06f84f22d37d" testListId="8c84fa94-04c1-424b-9868-57a2d4851a1d" />
  </TestEntries>
  <TestLists>
    <TestList name="Results Not in a List" id="8c84fa94-04c1-424b-9868-57a2d4851a1d" />
    <TestList name="All Loaded Results" id="19431567-8539-422a-85d7-44ee4e166bda" />
  </TestLists>
  <ResultSummary outcome="Completed">
    <Counters total="1" executed="1" passed="1" failed="0" error="0" timeout="0" aborted="0" inconclusive="0" passedButRunAborted="0" notRunnable="0" notExecuted="0" disconnected="0" warning="0" completed="0" inProgress="0" pending="0" />
  </ResultSummary>
</TestRun>