<?xml version="1.0" encoding="utf-8"?>
<TestRun id="e3d07503-de61-4cf9-a34a-fb548f441acf" name="SHETH ATIT@ATITSHETH 2025-01-21 12:34:21" runUser="ATITSHETH\SHETH ATIT" xmlns="http://microsoft.com/schemas/VisualStudio/TeamTest/2010">
  <Times creation="2025-01-21T12:34:21.3811184+05:30" queuing="2025-01-21T12:34:21.3811186+05:30" start="2025-01-21T12:34:19.5571249+05:30" finish="2025-01-21T12:34:21.3845446+05:30" />
  <TestSettings name="default" id="a694f313-4152-44b2-bf1e-b4ec601bab93">
    <Deployment runDeploymentRoot="SHETH_ATIT_ATITSHETH_2025-01-21_12_34_21" />
  </TestSettings>
  <Results>
    <UnitTestResult executionId="b5538efa-b7eb-4651-8c99-27bc6ac87119" testId="ac95cb08-7ad1-4d5b-90ec-132670c18038" testName="TestMethod1" computerName="ATITSHETH" duration="00:00:00.0123029" startTime="2025-01-21T12:34:21.1974509+05:30" endTime="2025-01-21T12:34:21.2410046+05:30" testType="13cdc9d9-ddb5-4fa4-a97d-d965ccfc6d4b" outcome="Passed" testListId="8c84fa94-04c1-424b-9868-57a2d4851a1d" relativeResultsDirectory="b5538efa-b7eb-4651-8c99-27bc6ac87119" />
  </Results>
  <TestDefinitions>
    <UnitTest name="TestMethod1" storage="\\wsl.localhost\nixos\home\nixos\cicd\getting-started-with-jenkins\jenkinsintegration\jenkinsintegration.tests\bin\debug\netcoreapp2.1\jenkinsintegration.tests.dll" id="ac95cb08-7ad1-4d5b-90ec-132670c18038">
      <Execution id="b5538efa-b7eb-4651-8c99-27bc6ac87119" />
      <TestMethod codeBase="\\wsl.localhost\NixOS\home\nixos\CICD\Getting-Started-With-Jenkins\JenkinsIntegration\JenkinsIntegration.Tests\bin\Debug\netcoreapp2.1\JenkinsIntegration.Tests.dll" adapterTypeName="executor://mstestadapter/v2" className="JenkinsIntegration.Tests.JenkinsTests" name="TestMethod1" />
    </UnitTest>
  </TestDefinitions>
  <TestEntries>
    <TestEntry testId="ac95cb08-7ad1-4d5b-90ec-132670c18038" executionId="b5538efa-b7eb-4651-8c99-27bc6ac87119" testListId="8c84fa94-04c1-424b-9868-57a2d4851a1d" />
  </TestEntries>
  <TestLists>
    <TestList name="Results Not in a List" id="8c84fa94-04c1-424b-9868-57a2d4851a1d" />
    <TestList name="All Loaded Results" id="19431567-8539-422a-85d7-44ee4e166bda" />
  </TestLists>
  <ResultSummary outcome="Completed">
    <Counters total="1" executed="1" passed="1" failed="0" error="0" timeout="0" aborted="0" inconclusive="0" passedButRunAborted="0" notRunnable="0" notExecuted="0" disconnected="0" warning="0" completed="0" inProgress="0" pending="0" />
  </ResultSummary>
</TestRun>