<?xml version="1.0" encoding="utf-8"?>
<TestRun id="153249f7-fb5b-446a-96fe-c804874e50d8" name="SHETH ATIT@ATITSHETH 2025-01-21 15:16:13" runUser="ATITSHETH\SHETH ATIT" xmlns="http://microsoft.com/schemas/VisualStudio/TeamTest/2010">
  <Times creation="2025-01-21T15:16:13.6271572+05:30" queuing="2025-01-21T15:16:13.6271574+05:30" start="2025-01-21T15:16:12.2241417+05:30" finish="2025-01-21T15:16:13.6304082+05:30" />
  <TestSettings name="default" id="0d41b645-62df-4050-b2ca-67c255b8f23c">
    <Deployment runDeploymentRoot="SHETH_ATIT_ATITSHETH_2025-01-21_15_16_13" />
  </TestSettings>
  <Results>
    <UnitTestResult executionId="df1440db-7809-4307-8b7e-d4ddbf6f9b41" testId="ac95cb08-7ad1-4d5b-90ec-132670c18038" testName="TestMethod1" computerName="ATITSHETH" duration="00:00:00.0134358" startTime="2025-01-21T15:16:13.4866003+05:30" endTime="2025-01-21T15:16:13.5238104+05:30" testType="13cdc9d9-ddb5-4fa4-a97d-d965ccfc6d4b" outcome="Passed" testListId="8c84fa94-04c1-424b-9868-57a2d4851a1d" relativeResultsDirectory="df1440db-7809-4307-8b7e-d4ddbf6f9b41" />
  </Results>
  <TestDefinitions>
    <UnitTest name="TestMethod1" storage="\\wsl.localhost\nixos\home\nixos\cicd\getting-started-with-jenkins\jenkinsintegration\jenkinsintegration.tests\bin\debug\netcoreapp2.1\jenkinsintegration.tests.dll" id="ac95cb08-7ad1-4d5b-90ec-132670c18038">
      <Execution id="df1440db-7809-4307-8b7e-d4ddbf6f9b41" />
      <TestMethod codeBase="\\wsl.localhost\NixOS\home\nixos\CICD\Getting-Started-With-Jenkins\JenkinsIntegration\JenkinsIntegration.Tests\bin\Debug\netcoreapp2.1\JenkinsIntegration.Tests.dll" adapterTypeName="executor://mstestadapter/v2" className="JenkinsIntegration.Tests.JenkinsTests" name="TestMethod1" />
    </UnitTest>
  </TestDefinitions>
  <TestEntries>
    <TestEntry testId="ac95cb08-7ad1-4d5b-90ec-132670c18038" executionId="df1440db-7809-4307-8b7e-d4ddbf6f9b41" testListId="8c84fa94-04c1-424b-9868-57a2d4851a1d" />
  </TestEntries>
  <TestLists>
    <TestList name="Results Not in a List" id="8c84fa94-04c1-424b-9868-57a2d4851a1d" />
    <TestList name="All Loaded Results" id="19431567-8539-422a-85d7-44ee4e166bda" />
  </TestLists>
  <ResultSummary outcome="Completed">
    <Counters total="1" executed="1" passed="1" failed="0" error="0" timeout="0" aborted="0" inconclusive="0" passedButRunAborted="0" notRunnable="0" notExecuted="0" disconnected="0" warning="0" completed="0" inProgress="0" pending="0" />
  </ResultSummary>
</TestRun>