<?xml version="1.0" encoding="utf-8"?>
<TestRun id="9cd12d88-be69-4d07-ab4e-0b5a467c8456" name="SHETH ATIT@ATITSHETH 2025-01-21 15:29:33" runUser="ATITSHETH\SHETH ATIT" xmlns="http://microsoft.com/schemas/VisualStudio/TeamTest/2010">
  <Times creation="2025-01-21T15:29:33.5544867+05:30" queuing="2025-01-21T15:29:33.5544868+05:30" start="2025-01-21T15:29:32.0305575+05:30" finish="2025-01-21T15:29:33.5574678+05:30" />
  <TestSettings name="default" id="153c8ce2-1d87-4252-9528-769ac65f8361">
    <Deployment runDeploymentRoot="SHETH_ATIT_ATITSHETH_2025-01-21_15_29_33" />
  </TestSettings>
  <Results>
    <UnitTestResult executionId="b0896125-9d5f-4185-ad33-5019d9d750b5" testId="ac95cb08-7ad1-4d5b-90ec-132670c18038" testName="TestMethod1" computerName="ATITSHETH" duration="00:00:00.0121268" startTime="2025-01-21T15:29:33.4139504+05:30" endTime="2025-01-21T15:29:33.4514632+05:30" testType="13cdc9d9-ddb5-4fa4-a97d-d965ccfc6d4b" outcome="Passed" testListId="8c84fa94-04c1-424b-9868-57a2d4851a1d" relativeResultsDirectory="b0896125-9d5f-4185-ad33-5019d9d750b5" />
  </Results>
  <TestDefinitions>
    <UnitTest name="TestMethod1" storage="\\wsl.localhost\nixos\home\nixos\cicd\getting-started-with-jenkins\jenkinsintegration\jenkinsintegration.tests\bin\debug\netcoreapp2.1\jenkinsintegration.tests.dll" id="ac95cb08-7ad1-4d5b-90ec-132670c18038">
      <Execution id="b0896125-9d5f-4185-ad33-5019d9d750b5" />
      <TestMethod codeBase="\\wsl.localhost\NixOS\home\nixos\CICD\Getting-Started-With-Jenkins\JenkinsIntegration\JenkinsIntegration.Tests\bin\Debug\netcoreapp2.1\JenkinsIntegration.Tests.dll" adapterTypeName="executor://mstestadapter/v2" className="JenkinsIntegration.Tests.JenkinsTests" name="TestMethod1" />
    </UnitTest>
  </TestDefinitions>
  <TestEntries>
    <TestEntry testId="ac95cb08-7ad1-4d5b-90ec-132670c18038" executionId="b0896125-9d5f-4185-ad33-5019d9d750b5" testListId="8c84fa94-04c1-424b-9868-57a2d4851a1d" />
  </TestEntries>
  <TestLists>
    <TestList name="Results Not in a List" id="8c84fa94-04c1-424b-9868-57a2d4851a1d" />
    <TestList name="All Loaded Results" id="19431567-8539-422a-85d7-44ee4e166bda" />
  </TestLists>
  <ResultSummary outcome="Completed">
    <Counters total="1" executed="1" passed="1" failed="0" error="0" timeout="0" aborted="0" inconclusive="0" passedButRunAborted="0" notRunnable="0" notExecuted="0" disconnected="0" warning="0" completed="0" inProgress="0" pending="0" />
  </ResultSummary>
</TestRun>